This is pdfTeX, Version 3.14159265-2.6-1.40.18 (MiKTeX 2.9.6500 64-bit) (preloaded format=pdflatex 2018.2.23)  22 NOV 2018 10:28
entering extended mode
**./Full_report_November_2018.tex
(Full_report_November_2018.tex
LaTeX2e <2017-04-15>
Babel <3.15> and hyphenation patterns for 75 language(s) loaded.
("C:\Program Files\MiKTeX 2.9\tex\latex\base\article.cls"
Document Class: article 2014/09/29 v1.4h Standard LaTeX document class
("C:\Program Files\MiKTeX 2.9\tex\latex\base\size10.clo"
File: size10.clo 2014/09/29 v1.4h Standard LaTeX file (size option)
)
\c@part=\count79
\c@section=\count80
\c@subsection=\count81
\c@subsubsection=\count82
\c@paragraph=\count83
\c@subparagraph=\count84
\c@figure=\count85
\c@table=\count86
\abovecaptionskip=\skip41
\belowcaptionskip=\skip42
\bibindent=\dimen102
)
("C:\Program Files\MiKTeX 2.9\tex\latex\geometry\geometry.sty"
Package: geometry 2010/09/12 v5.6 Page Geometry

("C:\Program Files\MiKTeX 2.9\tex\latex\graphics\keyval.sty"
Package: keyval 2014/10/28 v1.15 key=value parser (DPC)
\KV@toks@=\toks14
)
("C:\Program Files\MiKTeX 2.9\tex\generic\oberdiek\ifpdf.sty"
Package: ifpdf 2017/03/15 v3.2 Provides the ifpdf switch
)
("C:\Program Files\MiKTeX 2.9\tex\generic\oberdiek\ifvtex.sty"
Package: ifvtex 2016/05/16 v1.6 Detect VTeX and its facilities (HO)
Package ifvtex Info: VTeX not detected.
)
("C:\Program Files\MiKTeX 2.9\tex\generic\ifxetex\ifxetex.sty"
Package: ifxetex 2010/09/12 v0.6 Provides ifxetex conditional
)
\Gm@cnth=\count87
\Gm@cntv=\count88
\c@Gm@tempcnt=\count89
\Gm@bindingoffset=\dimen103
\Gm@wd@mp=\dimen104
\Gm@odd@mp=\dimen105
\Gm@even@mp=\dimen106
\Gm@layoutwidth=\dimen107
\Gm@layoutheight=\dimen108
\Gm@layouthoffset=\dimen109
\Gm@layoutvoffset=\dimen110
\Gm@dimlist=\toks15

("C:\Program Files\MiKTeX 2.9\tex\latex\geometry\geometry.cfg"))
("C:\Program Files\MiKTeX 2.9\tex\latex\mathexam\mathexam.sty"
Package: mathexam 2007/07/30 v1.00 Package for typesetting exams

("C:\Program Files\MiKTeX 2.9\tex\latex\fancyhdr\fancyhdr.sty"
Package: fancyhdr 2017/06/30 v3.9a Extensive control of page headers and footer
s
\f@nch@headwidth=\skip43
\f@nch@O@elh=\skip44
\f@nch@O@erh=\skip45
\f@nch@O@olh=\skip46
\f@nch@O@orh=\skip47
\f@nch@O@elf=\skip48
\f@nch@O@erf=\skip49
\f@nch@O@olf=\skip50
\f@nch@O@orf=\skip51
)
("C:\Program Files\MiKTeX 2.9\tex\latex\lastpage\lastpage.sty"
Package: lastpage 2015/03/29 v1.2m Refers to last page's name (HMM; JPG)
)
("C:\Program Files\MiKTeX 2.9\tex\latex\base\ifthen.sty"
Package: ifthen 2014/09/29 v1.1c Standard LaTeX ifthen package (DPC)
))
("C:\Program Files\MiKTeX 2.9\tex\latex\amsmath\amsmath.sty"
Package: amsmath 2017/09/02 v2.17a AMS math features
\@mathmargin=\skip52

For additional information on amsmath, use the `?' option.
("C:\Program Files\MiKTeX 2.9\tex\latex\amsmath\amstext.sty"
Package: amstext 2000/06/29 v2.01 AMS text

("C:\Program Files\MiKTeX 2.9\tex\latex\amsmath\amsgen.sty"
File: amsgen.sty 1999/11/30 v2.0 generic functions
\@emptytoks=\toks16
\ex@=\dimen111
))
("C:\Program Files\MiKTeX 2.9\tex\latex\amsmath\amsbsy.sty"
Package: amsbsy 1999/11/29 v1.2d Bold Symbols
\pmbraise@=\dimen112
)
("C:\Program Files\MiKTeX 2.9\tex\latex\amsmath\amsopn.sty"
Package: amsopn 2016/03/08 v2.02 operator names
)
\inf@bad=\count90
LaTeX Info: Redefining \frac on input line 213.
\uproot@=\count91
\leftroot@=\count92
LaTeX Info: Redefining \overline on input line 375.
\classnum@=\count93
\DOTSCASE@=\count94
LaTeX Info: Redefining \ldots on input line 472.
LaTeX Info: Redefining \dots on input line 475.
LaTeX Info: Redefining \cdots on input line 596.
\Mathstrutbox@=\box26
\strutbox@=\box27
\big@size=\dimen113
LaTeX Font Info:    Redeclaring font encoding OML on input line 712.
LaTeX Font Info:    Redeclaring font encoding OMS on input line 713.
\macc@depth=\count95
\c@MaxMatrixCols=\count96
\dotsspace@=\muskip10
\c@parentequation=\count97
\dspbrk@lvl=\count98
\tag@help=\toks17
\row@=\count99
\column@=\count100
\maxfields@=\count101
\andhelp@=\toks18
\eqnshift@=\dimen114
\alignsep@=\dimen115
\tagshift@=\dimen116
\tagwidth@=\dimen117
\totwidth@=\dimen118
\lineht@=\dimen119
\@envbody=\toks19
\multlinegap=\skip53
\multlinetaggap=\skip54
\mathdisplay@stack=\toks20
LaTeX Info: Redefining \[ on input line 2817.
LaTeX Info: Redefining \] on input line 2818.
)
("C:\Program Files\MiKTeX 2.9\tex\latex\graphics\graphicx.sty"
Package: graphicx 2017/06/01 v1.1a Enhanced LaTeX Graphics (DPC,SPQR)

("C:\Program Files\MiKTeX 2.9\tex\latex\graphics\graphics.sty"
Package: graphics 2017/06/25 v1.2c Standard LaTeX Graphics (DPC,SPQR)

("C:\Program Files\MiKTeX 2.9\tex\latex\graphics\trig.sty"
Package: trig 2016/01/03 v1.10 sin cos tan (DPC)
)
("C:\Program Files\MiKTeX 2.9\tex\latex\graphics-cfg\graphics.cfg"
File: graphics.cfg 2016/06/04 v1.11 sample graphics configuration
)
Package graphics Info: Driver file: pdftex.def on input line 99.

("C:\Program Files\MiKTeX 2.9\tex\latex\graphics-def\pdftex.def"
File: pdftex.def 2017/06/24 v1.0g Graphics/color driver for pdftex
))
\Gin@req@height=\dimen120
\Gin@req@width=\dimen121
)
("C:\Program Files\MiKTeX 2.9\tex\latex\caption\subcaption.sty"
Package: subcaption 2016/05/22 v1.1-161 Sub-captions (AR)

("C:\Program Files\MiKTeX 2.9\tex\latex\caption\caption.sty"
Package: caption 2016/02/21 v3.3-144 Customizing captions (AR)

("C:\Program Files\MiKTeX 2.9\tex\latex\caption\caption3.sty"
Package: caption3 2016/05/22 v1.7-166 caption3 kernel (AR)
Package caption3 Info: TeX engine: e-TeX on input line 67.
\captionmargin=\dimen122
\captionmargin@=\dimen123
\captionwidth=\dimen124
\caption@tempdima=\dimen125
\caption@indent=\dimen126
\caption@parindent=\dimen127
\caption@hangindent=\dimen128
)
\c@ContinuedFloat=\count102
)
\c@subfigure=\count103
\c@subtable=\count104
)
("C:\Program Files\MiKTeX 2.9\tex\latex\booktabs\booktabs.sty"
Package: booktabs 2005/04/14 v1.61803 publication quality tables
\heavyrulewidth=\dimen129
\lightrulewidth=\dimen130
\cmidrulewidth=\dimen131
\belowrulesep=\dimen132
\belowbottomsep=\dimen133
\aboverulesep=\dimen134
\abovetopsep=\dimen135
\cmidrulesep=\dimen136
\cmidrulekern=\dimen137
\defaultaddspace=\dimen138
\@cmidla=\count105
\@cmidlb=\count106
\@aboverulesep=\dimen139
\@belowrulesep=\dimen140
\@thisruleclass=\count107
\@lastruleclass=\count108
\@thisrulewidth=\dimen141
)
("C:\Program Files\MiKTeX 2.9\tex\latex\enumitem\enumitem.sty"
Package: enumitem 2011/09/28 v3.5.2 Customized lists
\labelindent=\skip55
\enit@outerparindent=\dimen142
\enit@toks=\toks21
\enit@inbox=\box28
\enitdp@description=\count109
)
("C:\Program Files\MiKTeX 2.9\tex\generic\oberdiek\atbegshi.sty"
Package: atbegshi 2016/06/09 v1.18 At begin shipout hook (HO)

("C:\Program Files\MiKTeX 2.9\tex\generic\oberdiek\infwarerr.sty"
Package: infwarerr 2016/05/16 v1.4 Providing info/warning/error messages (HO)
)
("C:\Program Files\MiKTeX 2.9\tex\generic\oberdiek\ltxcmds.sty"
Package: ltxcmds 2016/05/16 v1.23 LaTeX kernel commands for general use (HO)
))
("C:\Program Files\MiKTeX 2.9\tex\latex\algorithm2e\algorithm2e.sty"
Package: algorithm2e 2017/07/18 v5.2 algorithms environments
\c@AlgoLine=\count110
\algocf@hangindent=\skip56

("C:\Program Files\MiKTeX 2.9\tex\latex\ifoddpage\ifoddpage.sty"
Package: ifoddpage 2016/04/23 v1.1 Conditionals for odd/even page detection
\c@checkoddpage=\count111
)
("C:\Program Files\MiKTeX 2.9\tex\latex\tools\xspace.sty"
Package: xspace 2014/10/28 v1.13 Space after command names (DPC,MH)
)
("C:\Program Files\MiKTeX 2.9\tex\latex\ltxmisc\relsize.sty"
Package: relsize 2003/07/04 ver 3.1
)
\skiptotal=\skip57
\skiplinenumber=\skip58
\skiprule=\skip59
\skiphlne=\skip60
\skiptext=\skip61
\skiplength=\skip62
\algomargin=\skip63
\skipalgocfslide=\skip64
\algowidth=\dimen143
\inoutsize=\dimen144
\inoutindent=\dimen145
\interspacetitleruled=\dimen146
\interspacealgoruled=\dimen147
\interspacetitleboxruled=\dimen148
\algocf@ruledwidth=\skip65
\algocf@inoutbox=\box29
\algocf@inputbox=\box30
\AlCapSkip=\skip66
\AlCapHSkip=\skip67
\algoskipindent=\skip68
\algocf@nlbox=\box31
\algocf@hangingbox=\box32
\algocf@untilbox=\box33
\algocf@skipuntil=\skip69
\algocf@capbox=\box34
\algocf@lcaptionbox=\skip70
\algoheightruledefault=\skip71
\algoheightrule=\skip72
\algotitleheightruledefault=\skip73
\algotitleheightrule=\skip74
\c@algocfline=\count112
\c@algocfproc=\count113
\c@algocf=\count114
\algocf@algoframe=\box35
\algocf@algobox=\box36
)
(Full_report_November_2018.aux)
\openout1 = `Full_report_November_2018.aux'.

LaTeX Font Info:    Checking defaults for OML/cmm/m/it on input line 18.
LaTeX Font Info:    ... okay on input line 18.
LaTeX Font Info:    Checking defaults for T1/cmr/m/n on input line 18.
LaTeX Font Info:    ... okay on input line 18.
LaTeX Font Info:    Checking defaults for OT1/cmr/m/n on input line 18.
LaTeX Font Info:    ... okay on input line 18.
LaTeX Font Info:    Checking defaults for OMS/cmsy/m/n on input line 18.
LaTeX Font Info:    ... okay on input line 18.
LaTeX Font Info:    Checking defaults for OMX/cmex/m/n on input line 18.
LaTeX Font Info:    ... okay on input line 18.
LaTeX Font Info:    Checking defaults for U/cmr/m/n on input line 18.
LaTeX Font Info:    ... okay on input line 18.

*geometry* driver: auto-detecting
*geometry* detected driver: pdftex
*geometry* verbose mode - [ preamble ] result:
* driver: pdftex
* paper: <default>
* layout: <same size as paper>
* layoutoffset:(h,v)=(0.0pt,0.0pt)
* modes: 
* h-part:(L,W,R)=(72.26999pt, 469.75502pt, 72.26999pt)
* v-part:(T,H,B)=(72.26999pt, 650.43001pt, 72.26999pt)
* \paperwidth=614.295pt
* \paperheight=794.96999pt
* \textwidth=469.75502pt
* \textheight=650.43001pt
* \oddsidemargin=0.0pt
* \evensidemargin=0.0pt
* \topmargin=-37.0pt
* \headheight=12.0pt
* \headsep=25.0pt
* \topskip=10.0pt
* \footskip=30.0pt
* \marginparwidth=65.0pt
* \marginparsep=11.0pt
* \columnsep=10.0pt
* \skip\footins=9.0pt plus 4.0pt minus 2.0pt
* \hoffset=0.0pt
* \voffset=0.0pt
* \mag=1000
* \@twocolumnfalse
* \@twosidefalse
* \@mparswitchfalse
* \@reversemarginfalse
* (1in=72.27pt=25.4mm, 1cm=28.453pt)

Package lastpage Info: Please have a look at the pageslts package at
(lastpage)             https://www.ctan.org/pkg/pageslts
(lastpage)             ! on input line 18.
("C:\Program Files\MiKTeX 2.9\tex\context\base\supp-pdf.mkii"
[Loading MPS to PDF converter (version 2006.09.02).]
\scratchcounter=\count115
\scratchdimen=\dimen149
\scratchbox=\box37
\nofMPsegments=\count116
\nofMParguments=\count117
\everyMPshowfont=\toks22
\MPscratchCnt=\count118
\MPscratchDim=\dimen150
\MPnumerator=\count119
\makeMPintoPDFobject=\count120
\everyMPtoPDFconversion=\toks23
) ("C:\Program Files\MiKTeX 2.9\tex\latex\oberdiek\epstopdf-base.sty"
Package: epstopdf-base 2016/05/15 v2.6 Base part for package epstopdf

("C:\Program Files\MiKTeX 2.9\tex\latex\oberdiek\grfext.sty"
Package: grfext 2016/05/16 v1.2 Manage graphics extensions (HO)

("C:\Program Files\MiKTeX 2.9\tex\generic\oberdiek\kvdefinekeys.sty"
Package: kvdefinekeys 2016/05/16 v1.4 Define keys (HO)
))
("C:\Program Files\MiKTeX 2.9\tex\latex\oberdiek\kvoptions.sty"
Package: kvoptions 2016/05/16 v3.12 Key value format for package options (HO)

("C:\Program Files\MiKTeX 2.9\tex\generic\oberdiek\kvsetkeys.sty"
Package: kvsetkeys 2016/05/16 v1.17 Key value parser (HO)

("C:\Program Files\MiKTeX 2.9\tex\generic\oberdiek\etexcmds.sty"
Package: etexcmds 2016/05/16 v1.6 Avoid name clashes with e-TeX commands (HO)

("C:\Program Files\MiKTeX 2.9\tex\generic\oberdiek\ifluatex.sty"
Package: ifluatex 2016/05/16 v1.4 Provides the ifluatex switch (HO)
Package ifluatex Info: LuaTeX not detected.
)
Package etexcmds Info: Could not find \expanded.
(etexcmds)             That can mean that you are not using pdfTeX 1.50 or
(etexcmds)             that some package has redefined \expanded.
(etexcmds)             In the latter case, load this package earlier.
)))
("C:\Program Files\MiKTeX 2.9\tex\generic\oberdiek\pdftexcmds.sty"
Package: pdftexcmds 2017/03/19 v0.25 Utility functions of pdfTeX for LuaTeX (HO
)
Package pdftexcmds Info: LuaTeX not detected.
Package pdftexcmds Info: \pdf@primitive is available.
Package pdftexcmds Info: \pdf@ifprimitive is available.
Package pdftexcmds Info: \pdfdraftmode found.
)
Package epstopdf-base Info: Redefining graphics rule for `.eps' on input line 4
38.
Package grfext Info: Graphics extension search list:
(grfext)             [.pdf,.png,.jpg,.mps,.jpeg,.jbig2,.jb2,.PDF,.PNG,.JPG,.JPE
G,.JBIG2,.JB2,.eps]
(grfext)             \AppendGraphicsExtensions on input line 456.
)
Package caption Info: Begin \AtBeginDocument code.
Package caption Info: End \AtBeginDocument code.
\AtBeginShipoutBox=\box38
Package atbegshi Info: Shipout page discarded.
 [1{C:/Users/uqrmafru/AppData/Local/MiKTeX/2.9/pdftex/config/pdftex.map}]
<figures/AVG_STUDENT.pdf, id=7, pagebox=cropbox, 844.95674pt x 597.432pt>
File: figures/AVG_STUDENT.pdf Graphic file (type pdf)
<use figures/AVG_STUDENT.pdf>
Package pdftex.def Info: figures/AVG_STUDENT.pdf  used on input line 110. on in
put line 110.
Package pdftex.def Info: Requested size: 231.26378pt x 163.51488pt on input lin
e 110.
<figures/MAX_STUDENT.pdf, id=8, pagebox=cropbox, 844.95674pt x 597.432pt>
File: figures/MAX_STUDENT.pdf Graphic file (type pdf)
<use figures/MAX_STUDENT.pdf>
Package pdftex.def Info: figures/MAX_STUDENT.pdf  used on input line 111. on in
put line 111.
Package pdftex.def Info: Requested size: 231.26378pt x 163.51488pt on input lin
e 111.
LaTeX Font Info:    Try loading font information for OMS+cmr on input line 122.


("C:\Program Files\MiKTeX 2.9\tex\latex\base\omscmr.fd"
File: omscmr.fd 2014/09/29 v2.5h Standard LaTeX font definitions
)
LaTeX Font Info:    Font shape `OMS/cmr/m/n' in size <10> not available
(Font)              Font shape `OMS/cmsy/m/n' tried instead on input line 122.
 [1 <./figures/AVG_STUDENT.pdf> <./figures/MAX_STUDENT.pdf

pdfTeX warning: pdflatex.exe (file ./figures/MAX_STUDENT.pdf): PDF inclusion: m
ultiple pdfs with page group included in a single page
>]
<figures/MaxSum_MaxMin_Greedy.pdf, id=41, pagebox=cropbox, 416.55624pt x 265.99
374pt>
File: figures/MaxSum_MaxMin_Greedy.pdf Graphic file (type pdf)
<use figures/MaxSum_MaxMin_Greedy.pdf>
Package pdftex.def Info: figures/MaxSum_MaxMin_Greedy.pdf  used on input line 1
72. on input line 172.
Package pdftex.def Info: Requested size: 216.81pt x 138.44742pt on input line 1
72.
<figures/MaxSum_MaxMin_Swap.pdf, id=42, pagebox=cropbox, 416.55624pt x 265.9937
4pt>
File: figures/MaxSum_MaxMin_Swap.pdf Graphic file (type pdf)
<use figures/MaxSum_MaxMin_Swap.pdf>
Package pdftex.def Info: figures/MaxSum_MaxMin_Swap.pdf  used on input line 173
. on input line 173.
Package pdftex.def Info: Requested size: 216.81pt x 138.44742pt on input line 1
73.
<figures/1_tradeoff_June_objf_disease_maxSUM.pdf, id=43, pagebox=cropbox, 433.6
2pt x 289.08pt>
File: figures/1_tradeoff_June_objf_disease_maxSUM.pdf Graphic file (type pdf)
<use figures/1_tradeoff_June_objf_disease_maxSUM.pdf>
Package pdftex.def Info: figures/1_tradeoff_June_objf_disease_maxSUM.pdf  used 
on input line 208. on input line 208.
Package pdftex.def Info: Requested size: 216.81pt x 144.53964pt on input line 2
08.
<figures/1_tradeoff_June_objf_disease_MaxMIN.pdf, id=44, pagebox=cropbox, 433.6
2pt x 289.08pt>
File: figures/1_tradeoff_June_objf_disease_MaxMIN.pdf Graphic file (type pdf)
<use figures/1_tradeoff_June_objf_disease_MaxMIN.pdf>
Package pdftex.def Info: figures/1_tradeoff_June_objf_disease_MaxMIN.pdf  used 
on input line 209. on input line 209.
Package pdftex.def Info: Requested size: 216.81pt x 144.53964pt on input line 2
09.
<figures/Impact_k_performance.pdf, id=45, pagebox=cropbox, 844.95674pt x 597.43
2pt>
File: figures/Impact_k_performance.pdf Graphic file (type pdf)
<use figures/Impact_k_performance.pdf>
Package pdftex.def Info: figures/Impact_k_performance.pdf  used on input line 2
24. on input line 224.
Package pdftex.def Info: Requested size: 289.07999pt x 204.39133pt on input lin
e 224.
 [2] [3 <./figures/MaxSum_MaxMin_Greedy.pdf> <./figures/MaxSum_MaxMin_Swap.pdf

pdfTeX warning: pdflatex.exe (file ./figures/MaxSum_MaxMin_Swap.pdf): PDF inclu
sion: multiple pdfs with page group included in a single page
> <./figures/1_tradeoff_June_objf_disease_maxSUM.pdf

pdfTeX warning: pdflatex.exe (file ./figures/1_tradeoff_June_objf_disease_maxSU
M.pdf): PDF inclusion: multiple pdfs with page group included in a single page
> <./figures/1_tradeoff_June_objf_disease_MaxMIN.pdf

pdfTeX warning: pdflatex.exe (file ./figures/1_tradeoff_June_objf_disease_MaxMI
N.pdf): PDF inclusion: multiple pdfs with page group included in a single page
>]
<figures/flight_costs_all.pdf, id=145, pagebox=cropbox, 844.95674pt x 597.432pt
>
File: figures/flight_costs_all.pdf Graphic file (type pdf)
<use figures/flight_costs_all.pdf>
Package pdftex.def Info: figures/flight_costs_all.pdf  used on input line 258. 
on input line 258.
Package pdftex.def Info: Requested size: 505.89pt x 357.69621pt on input line 2
58.

Overfull \hbox (36.13498pt too wide) in paragraph at lines 258--260
 [] 
 []

[4 <./figures/Impact_k_performance.pdf>]

LaTeX Warning: Float too large for page by 14.72546pt on input line 379.


LaTeX Warning: Float too large for page by 67.5699pt on input line 495.

<figures/Rectifying_flow_column.pdf, id=162, pagebox=cropbox, 963.6pt x 542.025
pt>
File: figures/Rectifying_flow_column.pdf Graphic file (type pdf)
<use figures/Rectifying_flow_column.pdf>
Package pdftex.def Info: figures/Rectifying_flow_column.pdf  used on input line
 545. on input line 545.
Package pdftex.def Info: Requested size: 361.34999pt x 203.25887pt on input lin
e 545.
[5 <./figures/flight_costs_all.pdf>] [6] [7]
<figures/rectifiying_error_f_s_dswap.pdf, id=188, pagebox=cropbox, 404.51125pt 
x 265.99374pt>
File: figures/rectifiying_error_f_s_dswap.pdf Graphic file (type pdf)
<use figures/rectifiying_error_f_s_dswap.pdf>
Package pdftex.def Info: figures/rectifiying_error_f_s_dswap.pdf  used on input
 line 556. on input line 556.
Package pdftex.def Info: Requested size: 260.17244pt x 171.08368pt on input lin
e 556.
 [8 <./figures/Rectifying_flow_column.pdf> <./figures/rectifiying_error_f_s_dsw
ap.pdf

pdfTeX warning: pdflatex.exe (file ./figures/rectifiying_error_f_s_dswap.pdf): 
PDF inclusion: multiple pdfs with page group included in a single page
>]
<figures/pruning_performance_dswap_adaptive_rectifying_compare.pdf, id=253, pag
ebox=cropbox, 416.55624pt x 265.99374pt>
File: figures/pruning_performance_dswap_adaptive_rectifying_compare.pdf Graphic
 file (type pdf)
<use figures/pruning_performance_dswap_adaptive_rectifying_compare.pdf>
Package pdftex.def Info: figures/pruning_performance_dswap_adaptive_rectifying_
compare.pdf  used on input line 570. on input line 570.
Package pdftex.def Info: Requested size: 260.17244pt x 166.14015pt on input lin
e 570.
<figures/error_fs_rectifying_dswap.pdf, id=254, pagebox=cropbox, 404.51125pt x 
265.99374pt>
File: figures/error_fs_rectifying_dswap.pdf Graphic file (type pdf)
<use figures/error_fs_rectifying_dswap.pdf>
Package pdftex.def Info: figures/error_fs_rectifying_dswap.pdf  used on input l
ine 581. on input line 581.
Package pdftex.def Info: Requested size: 260.17244pt x 171.08368pt on input lin
e 581.
 [9 <./figures/pruning_performance_dswap_adaptive_rectifying_compare.pdf> <./fi
gures/error_fs_rectifying_dswap.pdf

pdfTeX warning: pdflatex.exe (file ./figures/error_fs_rectifying_dswap.pdf): PD
F inclusion: multiple pdfs with page group included in a single page
>] 
AED: lastpage setting LastPage
[10] (Full_report_November_2018.aux) ) 
Here is how much of TeX's memory you used:
 5370 strings out of 493312
 84095 string characters out of 3138890
 185197 words of memory out of 3000000
 8827 multiletter control sequences out of 15000+200000
 11203 words of font info for 40 fonts, out of 3000000 for 9000
 1141 hyphenation exceptions out of 8191
 42i,19n,45p,1233b,549s stack positions out of 5000i,500n,10000p,200000b,50000s
<C:/Program Files/MiKTeX 2.9/fonts/type1/
public/amsfonts/cm/cmbx10.pfb><C:/Program Files/MiKTeX 2.9/fonts/type1/public/a
msfonts/cm/cmbx12.pfb><C:/Program Files/MiKTeX 2.9/fonts/type1/public/amsfonts/
cm/cmbx7.pfb><C:/Program Files/MiKTeX 2.9/fonts/type1/public/amsfonts/cm/cmex10
.pfb><C:/Program Files/MiKTeX 2.9/fonts/type1/public/amsfonts/cm/cmmi10.pfb><C:
/Program Files/MiKTeX 2.9/fonts/type1/public/amsfonts/cm/cmmi12.pfb><C:/Program
 Files/MiKTeX 2.9/fonts/type1/public/amsfonts/cm/cmmi7.pfb><C:/Program Files/Mi
KTeX 2.9/fonts/type1/public/amsfonts/cm/cmr10.pfb><C:/Program Files/MiKTeX 2.9/
fonts/type1/public/amsfonts/cm/cmr6.pfb><C:/Program Files/MiKTeX 2.9/fonts/type
1/public/amsfonts/cm/cmr7.pfb><C:/Program Files/MiKTeX 2.9/fonts/type1/public/a
msfonts/cm/cmr8.pfb><C:/Program Files/MiKTeX 2.9/fonts/type1/public/amsfonts/cm
/cmsy10.pfb><C:/Program Files/MiKTeX 2.9/fonts/type1/public/amsfonts/cm/cmsy7.p
fb><C:/Program Files/MiKTeX 2.9/fonts/type1/public/amsfonts/cm/cmti10.pfb><C:/P
rogram Files/MiKTeX 2.9/fonts/type1/public/amsfonts/cm/cmti12.pfb><C:/Program F
iles/MiKTeX 2.9/fonts/type1/public/amsfonts/cm/cmtt10.pfb>
Output written on Full_report_November_2018.pdf (11 pages, 2026966 bytes).
PDF statistics:
 380 PDF objects out of 1000 (max. 8388607)
 0 named destinations out of 1000 (max. 500000)
 61 words of extra memory for PDF output out of 10000 (max. 10000000)

