This is pdfTeX, Version 3.14159265-2.6-1.40.18 (MiKTeX 2.9.6500 64-bit) (preloaded format=pdflatex 2018.2.23)  22 AUG 2018 12:23
entering extended mode
**./Rectifying_Bound_21_Aug_2018.tex
(Rectifying_Bound_21_Aug_2018.tex
LaTeX2e <2017-04-15>
Babel <3.15> and hyphenation patterns for 75 language(s) loaded.
("C:\Program Files\MiKTeX 2.9\tex\latex\base\article.cls"
Document Class: article 2014/09/29 v1.4h Standard LaTeX document class
("C:\Program Files\MiKTeX 2.9\tex\latex\base\size10.clo"
File: size10.clo 2014/09/29 v1.4h Standard LaTeX file (size option)
)
\c@part=\count79
\c@section=\count80
\c@subsection=\count81
\c@subsubsection=\count82
\c@paragraph=\count83
\c@subparagraph=\count84
\c@figure=\count85
\c@table=\count86
\abovecaptionskip=\skip41
\belowcaptionskip=\skip42
\bibindent=\dimen102
)
("C:\Program Files\MiKTeX 2.9\tex\latex\geometry\geometry.sty"
Package: geometry 2010/09/12 v5.6 Page Geometry

("C:\Program Files\MiKTeX 2.9\tex\latex\graphics\keyval.sty"
Package: keyval 2014/10/28 v1.15 key=value parser (DPC)
\KV@toks@=\toks14
)
("C:\Program Files\MiKTeX 2.9\tex\generic\oberdiek\ifpdf.sty"
Package: ifpdf 2017/03/15 v3.2 Provides the ifpdf switch
)
("C:\Program Files\MiKTeX 2.9\tex\generic\oberdiek\ifvtex.sty"
Package: ifvtex 2016/05/16 v1.6 Detect VTeX and its facilities (HO)
Package ifvtex Info: VTeX not detected.
)
("C:\Program Files\MiKTeX 2.9\tex\generic\ifxetex\ifxetex.sty"
Package: ifxetex 2010/09/12 v0.6 Provides ifxetex conditional
)
\Gm@cnth=\count87
\Gm@cntv=\count88
\c@Gm@tempcnt=\count89
\Gm@bindingoffset=\dimen103
\Gm@wd@mp=\dimen104
\Gm@odd@mp=\dimen105
\Gm@even@mp=\dimen106
\Gm@layoutwidth=\dimen107
\Gm@layoutheight=\dimen108
\Gm@layouthoffset=\dimen109
\Gm@layoutvoffset=\dimen110
\Gm@dimlist=\toks15

("C:\Program Files\MiKTeX 2.9\tex\latex\geometry\geometry.cfg"))
("C:\Program Files\MiKTeX 2.9\tex\latex\mathexam\mathexam.sty"
Package: mathexam 2007/07/30 v1.00 Package for typesetting exams

("C:\Program Files\MiKTeX 2.9\tex\latex\fancyhdr\fancyhdr.sty"
Package: fancyhdr 2017/06/30 v3.9a Extensive control of page headers and footer
s
\f@nch@headwidth=\skip43
\f@nch@O@elh=\skip44
\f@nch@O@erh=\skip45
\f@nch@O@olh=\skip46
\f@nch@O@orh=\skip47
\f@nch@O@elf=\skip48
\f@nch@O@erf=\skip49
\f@nch@O@olf=\skip50
\f@nch@O@orf=\skip51
)
("C:\Program Files\MiKTeX 2.9\tex\latex\lastpage\lastpage.sty"
Package: lastpage 2015/03/29 v1.2m Refers to last page's name (HMM; JPG)
)
("C:\Program Files\MiKTeX 2.9\tex\latex\base\ifthen.sty"
Package: ifthen 2014/09/29 v1.1c Standard LaTeX ifthen package (DPC)
))
("C:\Program Files\MiKTeX 2.9\tex\latex\amsmath\amsmath.sty"
Package: amsmath 2017/09/02 v2.17a AMS math features
\@mathmargin=\skip52

For additional information on amsmath, use the `?' option.
("C:\Program Files\MiKTeX 2.9\tex\latex\amsmath\amstext.sty"
Package: amstext 2000/06/29 v2.01 AMS text

("C:\Program Files\MiKTeX 2.9\tex\latex\amsmath\amsgen.sty"
File: amsgen.sty 1999/11/30 v2.0 generic functions
\@emptytoks=\toks16
\ex@=\dimen111
))
("C:\Program Files\MiKTeX 2.9\tex\latex\amsmath\amsbsy.sty"
Package: amsbsy 1999/11/29 v1.2d Bold Symbols
\pmbraise@=\dimen112
)
("C:\Program Files\MiKTeX 2.9\tex\latex\amsmath\amsopn.sty"
Package: amsopn 2016/03/08 v2.02 operator names
)
\inf@bad=\count90
LaTeX Info: Redefining \frac on input line 213.
\uproot@=\count91
\leftroot@=\count92
LaTeX Info: Redefining \overline on input line 375.
\classnum@=\count93
\DOTSCASE@=\count94
LaTeX Info: Redefining \ldots on input line 472.
LaTeX Info: Redefining \dots on input line 475.
LaTeX Info: Redefining \cdots on input line 596.
\Mathstrutbox@=\box26
\strutbox@=\box27
\big@size=\dimen113
LaTeX Font Info:    Redeclaring font encoding OML on input line 712.
LaTeX Font Info:    Redeclaring font encoding OMS on input line 713.
\macc@depth=\count95
\c@MaxMatrixCols=\count96
\dotsspace@=\muskip10
\c@parentequation=\count97
\dspbrk@lvl=\count98
\tag@help=\toks17
\row@=\count99
\column@=\count100
\maxfields@=\count101
\andhelp@=\toks18
\eqnshift@=\dimen114
\alignsep@=\dimen115
\tagshift@=\dimen116
\tagwidth@=\dimen117
\totwidth@=\dimen118
\lineht@=\dimen119
\@envbody=\toks19
\multlinegap=\skip53
\multlinetaggap=\skip54
\mathdisplay@stack=\toks20
LaTeX Info: Redefining \[ on input line 2817.
LaTeX Info: Redefining \] on input line 2818.
)
("C:\Program Files\MiKTeX 2.9\tex\latex\graphics\graphicx.sty"
Package: graphicx 2017/06/01 v1.1a Enhanced LaTeX Graphics (DPC,SPQR)

("C:\Program Files\MiKTeX 2.9\tex\latex\graphics\graphics.sty"
Package: graphics 2017/06/25 v1.2c Standard LaTeX Graphics (DPC,SPQR)

("C:\Program Files\MiKTeX 2.9\tex\latex\graphics\trig.sty"
Package: trig 2016/01/03 v1.10 sin cos tan (DPC)
)
("C:\Program Files\MiKTeX 2.9\tex\latex\graphics-cfg\graphics.cfg"
File: graphics.cfg 2016/06/04 v1.11 sample graphics configuration
)
Package graphics Info: Driver file: pdftex.def on input line 99.

("C:\Program Files\MiKTeX 2.9\tex\latex\graphics-def\pdftex.def"
File: pdftex.def 2017/06/24 v1.0g Graphics/color driver for pdftex
))
\Gin@req@height=\dimen120
\Gin@req@width=\dimen121
)
("C:\Program Files\MiKTeX 2.9\tex\latex\caption\subcaption.sty"
Package: subcaption 2016/05/22 v1.1-161 Sub-captions (AR)

("C:\Program Files\MiKTeX 2.9\tex\latex\caption\caption.sty"
Package: caption 2016/02/21 v3.3-144 Customizing captions (AR)

("C:\Program Files\MiKTeX 2.9\tex\latex\caption\caption3.sty"
Package: caption3 2016/05/22 v1.7-166 caption3 kernel (AR)
Package caption3 Info: TeX engine: e-TeX on input line 67.
\captionmargin=\dimen122
\captionmargin@=\dimen123
\captionwidth=\dimen124
\caption@tempdima=\dimen125
\caption@indent=\dimen126
\caption@parindent=\dimen127
\caption@hangindent=\dimen128
)
\c@ContinuedFloat=\count102
)
\c@subfigure=\count103
\c@subtable=\count104
)
("C:\Program Files\MiKTeX 2.9\tex\latex\booktabs\booktabs.sty"
Package: booktabs 2005/04/14 v1.61803 publication quality tables
\heavyrulewidth=\dimen129
\lightrulewidth=\dimen130
\cmidrulewidth=\dimen131
\belowrulesep=\dimen132
\belowbottomsep=\dimen133
\aboverulesep=\dimen134
\abovetopsep=\dimen135
\cmidrulesep=\dimen136
\cmidrulekern=\dimen137
\defaultaddspace=\dimen138
\@cmidla=\count105
\@cmidlb=\count106
\@aboverulesep=\dimen139
\@belowrulesep=\dimen140
\@thisruleclass=\count107
\@lastruleclass=\count108
\@thisrulewidth=\dimen141
)
("C:\Program Files\MiKTeX 2.9\tex\latex\enumitem\enumitem.sty"
Package: enumitem 2011/09/28 v3.5.2 Customized lists
\labelindent=\skip55
\enit@outerparindent=\dimen142
\enit@toks=\toks21
\enit@inbox=\box28
\enitdp@description=\count109
)
("C:\Program Files\MiKTeX 2.9\tex\generic\oberdiek\atbegshi.sty"
Package: atbegshi 2016/06/09 v1.18 At begin shipout hook (HO)

("C:\Program Files\MiKTeX 2.9\tex\generic\oberdiek\infwarerr.sty"
Package: infwarerr 2016/05/16 v1.4 Providing info/warning/error messages (HO)
)
("C:\Program Files\MiKTeX 2.9\tex\generic\oberdiek\ltxcmds.sty"
Package: ltxcmds 2016/05/16 v1.23 LaTeX kernel commands for general use (HO)
))
("C:\Program Files\MiKTeX 2.9\tex\latex\algorithm2e\algorithm2e.sty"
Package: algorithm2e 2017/07/18 v5.2 algorithms environments
\c@AlgoLine=\count110
\algocf@hangindent=\skip56

("C:\Program Files\MiKTeX 2.9\tex\latex\ifoddpage\ifoddpage.sty"
Package: ifoddpage 2016/04/23 v1.1 Conditionals for odd/even page detection
\c@checkoddpage=\count111
)
("C:\Program Files\MiKTeX 2.9\tex\latex\tools\xspace.sty"
Package: xspace 2014/10/28 v1.13 Space after command names (DPC,MH)
)
("C:\Program Files\MiKTeX 2.9\tex\latex\ltxmisc\relsize.sty"
Package: relsize 2003/07/04 ver 3.1
)
\skiptotal=\skip57
\skiplinenumber=\skip58
\skiprule=\skip59
\skiphlne=\skip60
\skiptext=\skip61
\skiplength=\skip62
\algomargin=\skip63
\skipalgocfslide=\skip64
\algowidth=\dimen143
\inoutsize=\dimen144
\inoutindent=\dimen145
\interspacetitleruled=\dimen146
\interspacealgoruled=\dimen147
\interspacetitleboxruled=\dimen148
\algocf@ruledwidth=\skip65
\algocf@inoutbox=\box29
\algocf@inputbox=\box30
\AlCapSkip=\skip66
\AlCapHSkip=\skip67
\algoskipindent=\skip68
\algocf@nlbox=\box31
\algocf@hangingbox=\box32
\algocf@untilbox=\box33
\algocf@skipuntil=\skip69
\algocf@capbox=\box34
\algocf@lcaptionbox=\skip70
\algoheightruledefault=\skip71
\algoheightrule=\skip72
\algotitleheightruledefault=\skip73
\algotitleheightrule=\skip74
\c@algocfline=\count112
\c@algocfproc=\count113
\c@algocf=\count114
\algocf@algoframe=\box35
\algocf@algobox=\box36
)
(Rectifying_Bound_21_Aug_2018.aux)
\openout1 = `Rectifying_Bound_21_Aug_2018.aux'.

LaTeX Font Info:    Checking defaults for OML/cmm/m/it on input line 18.
LaTeX Font Info:    ... okay on input line 18.
LaTeX Font Info:    Checking defaults for T1/cmr/m/n on input line 18.
LaTeX Font Info:    ... okay on input line 18.
LaTeX Font Info:    Checking defaults for OT1/cmr/m/n on input line 18.
LaTeX Font Info:    ... okay on input line 18.
LaTeX Font Info:    Checking defaults for OMS/cmsy/m/n on input line 18.
LaTeX Font Info:    ... okay on input line 18.
LaTeX Font Info:    Checking defaults for OMX/cmex/m/n on input line 18.
LaTeX Font Info:    ... okay on input line 18.
LaTeX Font Info:    Checking defaults for U/cmr/m/n on input line 18.
LaTeX Font Info:    ... okay on input line 18.

*geometry* driver: auto-detecting
*geometry* detected driver: pdftex
*geometry* verbose mode - [ preamble ] result:
* driver: pdftex
* paper: <default>
* layout: <same size as paper>
* layoutoffset:(h,v)=(0.0pt,0.0pt)
* modes: 
* h-part:(L,W,R)=(72.26999pt, 469.75502pt, 72.26999pt)
* v-part:(T,H,B)=(72.26999pt, 650.43001pt, 72.26999pt)
* \paperwidth=614.295pt
* \paperheight=794.96999pt
* \textwidth=469.75502pt
* \textheight=650.43001pt
* \oddsidemargin=0.0pt
* \evensidemargin=0.0pt
* \topmargin=-37.0pt
* \headheight=12.0pt
* \headsep=25.0pt
* \topskip=10.0pt
* \footskip=30.0pt
* \marginparwidth=65.0pt
* \marginparsep=11.0pt
* \columnsep=10.0pt
* \skip\footins=9.0pt plus 4.0pt minus 2.0pt
* \hoffset=0.0pt
* \voffset=0.0pt
* \mag=1000
* \@twocolumnfalse
* \@twosidefalse
* \@mparswitchfalse
* \@reversemarginfalse
* (1in=72.27pt=25.4mm, 1cm=28.453pt)

Package lastpage Info: Please have a look at the pageslts package at
(lastpage)             https://www.ctan.org/pkg/pageslts
(lastpage)             ! on input line 18.
("C:\Program Files\MiKTeX 2.9\tex\context\base\supp-pdf.mkii"
[Loading MPS to PDF converter (version 2006.09.02).]
\scratchcounter=\count115
\scratchdimen=\dimen149
\scratchbox=\box37
\nofMPsegments=\count116
\nofMParguments=\count117
\everyMPshowfont=\toks22
\MPscratchCnt=\count118
\MPscratchDim=\dimen150
\MPnumerator=\count119
\makeMPintoPDFobject=\count120
\everyMPtoPDFconversion=\toks23
) ("C:\Program Files\MiKTeX 2.9\tex\latex\oberdiek\epstopdf-base.sty"
Package: epstopdf-base 2016/05/15 v2.6 Base part for package epstopdf

("C:\Program Files\MiKTeX 2.9\tex\latex\oberdiek\grfext.sty"
Package: grfext 2016/05/16 v1.2 Manage graphics extensions (HO)

("C:\Program Files\MiKTeX 2.9\tex\generic\oberdiek\kvdefinekeys.sty"
Package: kvdefinekeys 2016/05/16 v1.4 Define keys (HO)
))
("C:\Program Files\MiKTeX 2.9\tex\latex\oberdiek\kvoptions.sty"
Package: kvoptions 2016/05/16 v3.12 Key value format for package options (HO)

("C:\Program Files\MiKTeX 2.9\tex\generic\oberdiek\kvsetkeys.sty"
Package: kvsetkeys 2016/05/16 v1.17 Key value parser (HO)

("C:\Program Files\MiKTeX 2.9\tex\generic\oberdiek\etexcmds.sty"
Package: etexcmds 2016/05/16 v1.6 Avoid name clashes with e-TeX commands (HO)

("C:\Program Files\MiKTeX 2.9\tex\generic\oberdiek\ifluatex.sty"
Package: ifluatex 2016/05/16 v1.4 Provides the ifluatex switch (HO)
Package ifluatex Info: LuaTeX not detected.
)
Package etexcmds Info: Could not find \expanded.
(etexcmds)             That can mean that you are not using pdfTeX 1.50 or
(etexcmds)             that some package has redefined \expanded.
(etexcmds)             In the latter case, load this package earlier.
)))
("C:\Program Files\MiKTeX 2.9\tex\generic\oberdiek\pdftexcmds.sty"
Package: pdftexcmds 2017/03/19 v0.25 Utility functions of pdfTeX for LuaTeX (HO
)
Package pdftexcmds Info: LuaTeX not detected.
Package pdftexcmds Info: \pdf@primitive is available.
Package pdftexcmds Info: \pdf@ifprimitive is available.
Package pdftexcmds Info: \pdfdraftmode found.
)
Package epstopdf-base Info: Redefining graphics rule for `.eps' on input line 4
38.
Package grfext Info: Graphics extension search list:
(grfext)             [.pdf,.png,.jpg,.mps,.jpeg,.jbig2,.jb2,.PDF,.PNG,.JPG,.JPE
G,.JBIG2,.JB2,.eps]
(grfext)             \AppendGraphicsExtensions on input line 456.
)
Package caption Info: Begin \AtBeginDocument code.
Package caption Info: End \AtBeginDocument code.
\AtBeginShipoutBox=\box38
Package atbegshi Info: Shipout page discarded.
 [1{C:/Users/uqrmafru/AppData/Local/MiKTeX/2.9/pdftex/config/pdftex.map}]
<figures/rectify_logic.pdf, id=7, pagebox=cropbox, 963.6pt x 542.025pt>
File: figures/rectify_logic.pdf Graphic file (type pdf)
<use figures/rectify_logic.pdf>
Package pdftex.def Info: figures/rectify_logic.pdf  used on input line 43. on i
nput line 43.
Package pdftex.def Info: Requested size: 505.89pt x 284.55911pt on input line 4
3.

Overfull \hbox (36.13498pt too wide) in paragraph at lines 43--45
 [] 
 []

<figures/get_I_score.pdf, id=8, pagebox=cropbox, 963.6pt x 542.025pt>
File: figures/get_I_score.pdf Graphic file (type pdf)
<use figures/get_I_score.pdf>
Package pdftex.def Info: figures/get_I_score.pdf  used on input line 53. on inp
ut line 53.
Package pdftex.def Info: Requested size: 505.89pt x 284.55911pt on input line 5
3.

Overfull \hbox (36.13498pt too wide) in paragraph at lines 53--55
 [] 
 []

LaTeX Font Info:    Try loading font information for OMS+cmr on input line 70.
("C:\Program Files\MiKTeX 2.9\tex\latex\base\omscmr.fd"
File: omscmr.fd 2014/09/29 v2.5h Standard LaTeX font definitions
)
LaTeX Font Info:    Font shape `OMS/cmr/m/n' in size <10> not available
(Font)              Font shape `OMS/cmsy/m/n' tried instead on input line 70.
 [1 <./figures/rectify_logic.pdf>] [2 <./figures/get_I_score.pdf>]
<figures/pruning_performance_greedy_adaptive_rectifying_80.pdf, id=66, pagebox=
cropbox, 416.55624pt x 265.99374pt>
File: figures/pruning_performance_greedy_adaptive_rectifying_80.pdf Graphic fil
e (type pdf)
<use figures/pruning_performance_greedy_adaptive_rectifying_80.pdf>
Package pdftex.def Info: figures/pruning_performance_greedy_adaptive_rectifying
_80.pdf  used on input line 94. on input line 94.
Package pdftex.def Info: Requested size: 216.81pt x 138.44742pt on input line 9
4.
<figures/pruning_performance_dswap_adaptive_rectifying_80.pdf, id=67, pagebox=c
ropbox, 416.55624pt x 265.99374pt>
File: figures/pruning_performance_dswap_adaptive_rectifying_80.pdf Graphic file
 (type pdf)
<use figures/pruning_performance_dswap_adaptive_rectifying_80.pdf>
Package pdftex.def Info: figures/pruning_performance_dswap_adaptive_rectifying_
80.pdf  used on input line 95. on input line 95.
Package pdftex.def Info: Requested size: 216.81pt x 138.44742pt on input line 9
5.
<figures/pruning_performance_greedy_adaptive_rectifying_90.pdf, id=68, pagebox=
cropbox, 416.55624pt x 265.99374pt>
File: figures/pruning_performance_greedy_adaptive_rectifying_90.pdf Graphic fil
e (type pdf)
<use figures/pruning_performance_greedy_adaptive_rectifying_90.pdf>
Package pdftex.def Info: figures/pruning_performance_greedy_adaptive_rectifying
_90.pdf  used on input line 105. on input line 105.
Package pdftex.def Info: Requested size: 216.81pt x 138.44742pt on input line 1
05.
<figures/pruning_performance_dswap_adaptive_rectifying_90.pdf, id=69, pagebox=c
ropbox, 416.55624pt x 265.99374pt>
File: figures/pruning_performance_dswap_adaptive_rectifying_90.pdf Graphic file
 (type pdf)
<use figures/pruning_performance_dswap_adaptive_rectifying_90.pdf>
Package pdftex.def Info: figures/pruning_performance_dswap_adaptive_rectifying_
90.pdf  used on input line 106. on input line 106.
Package pdftex.def Info: Requested size: 216.81pt x 138.44742pt on input line 1
06.
<figures/pruning_performance_greedy_adaptive_rectifying_97.pdf, id=70, pagebox=
cropbox, 416.55624pt x 265.99374pt>
File: figures/pruning_performance_greedy_adaptive_rectifying_97.pdf Graphic fil
e (type pdf)
<use figures/pruning_performance_greedy_adaptive_rectifying_97.pdf>
Package pdftex.def Info: figures/pruning_performance_greedy_adaptive_rectifying
_97.pdf  used on input line 115. on input line 115.
Package pdftex.def Info: Requested size: 216.81pt x 138.44742pt on input line 1
15.
<figures/pruning_performance_dswap_adaptive_rectifying_97.pdf, id=71, pagebox=c
ropbox, 423.5825pt x 265.99374pt>
File: figures/pruning_performance_dswap_adaptive_rectifying_97.pdf Graphic file
 (type pdf)
<use figures/pruning_performance_dswap_adaptive_rectifying_97.pdf>
Package pdftex.def Info: figures/pruning_performance_dswap_adaptive_rectifying_
97.pdf  used on input line 116. on input line 116.
Package pdftex.def Info: Requested size: 216.81pt x 136.14612pt on input line 1
16.
<figures/rectifiying_error_f_s_greedy.pdf, id=72, pagebox=cropbox, 404.51125pt 
x 265.99374pt>
File: figures/rectifiying_error_f_s_greedy.pdf Graphic file (type pdf)
<use figures/rectifiying_error_f_s_greedy.pdf>
Package pdftex.def Info: figures/rectifiying_error_f_s_greedy.pdf  used on inpu
t line 135. on input line 135.
Package pdftex.def Info: Requested size: 216.81pt x 142.56703pt on input line 1
35.
<figures/rectifiying_error_f_s_dswap.pdf, id=73, pagebox=cropbox, 404.51125pt x
 265.99374pt>
File: figures/rectifiying_error_f_s_dswap.pdf Graphic file (type pdf)
<use figures/rectifiying_error_f_s_dswap.pdf>
Package pdftex.def Info: figures/rectifiying_error_f_s_dswap.pdf  used on input
 line 136. on input line 136.
Package pdftex.def Info: Requested size: 216.81pt x 142.56703pt on input line 1
36.
<figures/flight_costs_rectifying.pdf, id=74, pagebox=cropbox, 844.95674pt x 597
.432pt>
File: figures/flight_costs_rectifying.pdf Graphic file (type pdf)
<use figures/flight_costs_rectifying.pdf>
Package pdftex.def Info: figures/flight_costs_rectifying.pdf  used on input lin
e 146. on input line 146.
Package pdftex.def Info: Requested size: 469.75499pt x 332.14388pt on input lin
e 146.


LaTeX Warning: Float too large for page by 14.38104pt on input line 429.


AED: lastpage setting LastPage
[3 <./figures/pruning_performance_greedy_adaptive_rectifying_80.pdf> <./figures
/pruning_performance_dswap_adaptive_rectifying_80.pdf

pdfTeX warning: pdflatex.exe (file ./figures/pruning_performance_dswap_adaptive
_rectifying_80.pdf): PDF inclusion: multiple pdfs with page group included in a
 single page
> <./figures/pruning_performance_greedy_adaptive_rectifying_90.pdf

pdfTeX warning: pdflatex.exe (file ./figures/pruning_performance_greedy_adaptiv
e_rectifying_90.pdf): PDF inclusion: multiple pdfs with page group included in 
a single page
> <./figures/pruning_performance_dswap_adaptive_rectifying_90.pdf

pdfTeX warning: pdflatex.exe (file ./figures/pruning_performance_dswap_adaptive
_rectifying_90.pdf): PDF inclusion: multiple pdfs with page group included in a
 single page
> <./figures/pruning_performance_greedy_adaptive_rectifying_97.pdf

pdfTeX warning: pdflatex.exe (file ./figures/pruning_performance_greedy_adaptiv
e_rectifying_97.pdf): PDF inclusion: multiple pdfs with page group included in 
a single page
> <./figures/pruning_performance_dswap_adaptive_rectifying_97.pdf

pdfTeX warning: pdflatex.exe (file ./figures/pruning_performance_dswap_adaptive
_rectifying_97.pdf): PDF inclusion: multiple pdfs with page group included in a
 single page
>] [4] [5] [6 <./figures/rectifiying_error_f_s_greedy.pdf> <./figures/rectifiyi
ng_error_f_s_dswap.pdf

pdfTeX warning: pdflatex.exe (file ./figures/rectifiying_error_f_s_dswap.pdf): 
PDF inclusion: multiple pdfs with page group included in a single page
> <./figures/flight_costs_rectifying.pdf

pdfTeX warning: pdflatex.exe (file ./figures/flight_costs_rectifying.pdf): PDF 
inclusion: multiple pdfs with page group included in a single page
>] (Rectifying_Bound_21_Aug_2018.aux) ) 
Here is how much of TeX's memory you used:
 5337 strings out of 493312
 84186 string characters out of 3138890
 180171 words of memory out of 3000000
 8805 multiletter control sequences out of 15000+200000
 6777 words of font info for 25 fonts, out of 3000000 for 9000
 1141 hyphenation exceptions out of 8191
 42i,20n,45p,1168b,592s stack positions out of 5000i,500n,10000p,200000b,50000s
<C:/Program Files/MiKTeX 2.9/fonts/type1
/public/amsfonts/cm/cmbx10.pfb><C:/Program Files/MiKTeX 2.9/fonts/type1/public/
amsfonts/cm/cmbx12.pfb><C:/Program Files/MiKTeX 2.9/fonts/type1/public/amsfonts
/cm/cmbx7.pfb><C:/Program Files/MiKTeX 2.9/fonts/type1/public/amsfonts/cm/cmmi1
0.pfb><C:/Program Files/MiKTeX 2.9/fonts/type1/public/amsfonts/cm/cmmi7.pfb><C:
/Program Files/MiKTeX 2.9/fonts/type1/public/amsfonts/cm/cmr10.pfb><C:/Program 
Files/MiKTeX 2.9/fonts/type1/public/amsfonts/cm/cmr7.pfb><C:/Program Files/MiKT
eX 2.9/fonts/type1/public/amsfonts/cm/cmsy10.pfb><C:/Program Files/MiKTeX 2.9/f
onts/type1/public/amsfonts/cm/cmsy7.pfb><C:/Program Files/MiKTeX 2.9/fonts/type
1/public/amsfonts/cm/cmti10.pfb><C:/Program Files/MiKTeX 2.9/fonts/type1/public
/amsfonts/cm/cmti12.pfb><C:/Program Files/MiKTeX 2.9/fonts/type1/public/amsfont
s/cm/cmtt10.pfb>
Output written on Rectifying_Bound_21_Aug_2018.pdf (7 pages, 1460216 bytes).
PDF statistics:
 294 PDF objects out of 1000 (max. 8388607)
 0 named destinations out of 1000 (max. 500000)
 56 words of extra memory for PDF output out of 10000 (max. 10000000)

